  ProcessUtils.cpp
  TitleProtector.cpp
C:\Users\Administrator\source\repos\Protect\Protect\Features\TitleProtector.cpp(32,9): warning C4129: '`': unrecognized character escape sequence
C:\Users\Administrator\source\repos\Protect\Protect\Features\TitleProtector.cpp(49,5): warning C4566: character represented by universal-character-name '\u2192' cannot be represented in the current code page (1252)
C:\Users\Administrator\source\repos\Protect\Protect\Features\TitleProtector.cpp(50,5): warning C4566: character represented by universal-character-name '\u2192' cannot be represented in the current code page (1252)
C:\Users\Administrator\source\repos\Protect\Protect\Features\TitleProtector.cpp(85,13): error C2143: syntax error: missing ';' before 'std::to_string'
C:\Users\Administrator\source\repos\Protect\Protect\Features\TitleProtector.cpp(85,13): error C2676: binary '<<': 'std::basic_string<char,std::char_traits<char>,std::allocator<char>>' does not define this operator or a conversion to a type acceptable to the predefined operator
      D:\Microsoft Visual Studio\18\Community\VC\Tools\MSVC\14.50.35717\include\cstddef(37,27):
      could be 'std::byte std::operator <<(const std::byte,const _IntType) noexcept'
          C:\Users\Administrator\source\repos\Protect\Protect\Features\TitleProtector.cpp(85,13):
          'std::byte std::operator <<(const std::byte,const _IntType) noexcept': could not deduce template argument for '__formal'
              D:\Microsoft Visual Studio\18\Community\VC\Tools\MSVC\14.50.35717\include\cstddef(36,39):
              'std::enable_if_t<false,int>' : Failed to specialize alias template
      D:\Microsoft Visual Studio\18\Community\VC\Tools\MSVC\14.50.35717\include\memory(2015,32):
      or       'std::basic_ostream<_Elem,_Traits> &std::operator <<(std::basic_ostream<_Elem,_Traits> &,const std::shared_ptr<_Ty> &)'
          C:\Users\Administrator\source\repos\Protect\Protect\Features\TitleProtector.cpp(85,13):
          'std::basic_ostream<_Elem,_Traits> &std::operator <<(std::basic_ostream<_Elem,_Traits> &,const std::shared_ptr<_Ty> &)': could not deduce template argument for 'std::basic_ostream<_Elem,_Traits> &' from 'std::basic_string<char,std::char_traits<char>,std::allocator<char>>'
      D:\Microsoft Visual Studio\18\Community\VC\Tools\MSVC\14.50.35717\include\memory(3821,32):
      or       'std::basic_ostream<_Elem,_Traits> &std::operator <<(std::basic_ostream<_Elem,_Traits> &,const std::unique_ptr<_Ty2,_Dx2> &)'
          C:\Users\Administrator\source\repos\Protect\Protect\Features\TitleProtector.cpp(85,13):
          'std::basic_ostream<_Elem,_Traits> &std::operator <<(std::basic_ostream<_Elem,_Traits> &,const std::unique_ptr<_Ty2,_Dx2> &)': could not deduce template argument for 'std::basic_ostream<_Elem,_Traits> &' from 'std::basic_string<char,std::char_traits<char>,std::allocator<char>>'
      D:\Microsoft Visual Studio\18\Community\VC\Tools\MSVC\14.50.35717\include\thread(251,37):
      or       'std::basic_ostream<_Elem,_Traits> &std::operator <<(std::basic_ostream<_Elem,_Traits> &,std::thread::id)'
          C:\Users\Administrator\source\repos\Protect\Protect\Features\TitleProtector.cpp(85,13):
          'std::basic_ostream<_Elem,_Traits> &std::operator <<(std::basic_ostream<_Elem,_Traits> &,std::thread::id)': could not deduce template argument for 'std::basic_ostream<_Elem,_Traits> &' from 'std::basic_string<char,std::char_traits<char>,std::allocator<char>>'
      D:\Microsoft Visual Studio\18\Community\VC\Tools\MSVC\14.50.35717\include\__msvc_string_view.hpp(2097,32):
      or       'std::basic_ostream<_Elem,_Traits> &std::operator <<(std::basic_ostream<_Elem,_Traits> &,const std::basic_string_view<_Elem,_Traits>)'
          C:\Users\Administrator\source\repos\Protect\Protect\Features\TitleProtector.cpp(85,13):
          'std::basic_ostream<_Elem,_Traits> &std::operator <<(std::basic_ostream<_Elem,_Traits> &,const std::basic_string_view<_Elem,_Traits>)': could not deduce template argument for 'std::basic_ostream<_Elem,_Traits> &' from 'std::basic_string<char,std::char_traits<char>,std::allocator<char>>'
      D:\Microsoft Visual Studio\18\Community\VC\Tools\MSVC\14.50.35717\include\xstring(3532,32):
      or       'std::basic_ostream<_Elem,_Traits> &std::operator <<(std::basic_ostream<_Elem,_Traits> &,const std::basic_string<_Elem,_Traits,_Alloc> &)'
          C:\Users\Administrator\source\repos\Protect\Protect\Features\TitleProtector.cpp(85,13):
          'std::basic_ostream<_Elem,_Traits> &std::operator <<(std::basic_ostream<_Elem,_Traits> &,const std::basic_string<_Elem,_Traits,_Alloc> &)': could not deduce template argument for 'std::basic_ostream<_Elem,_Traits> &' from 'std::basic_string<char,std::char_traits<char>,std::allocator<char>>'
      D:\Microsoft Visual Studio\18\Community\VC\Tools\MSVC\14.50.35717\include\__msvc_ostream.hpp(688,32):
      or       'std::basic_ostream<_Elem,_Traits> &std::operator <<(std::basic_ostream<_Elem,_Traits> &,const char *)'
          C:\Users\Administrator\source\repos\Protect\Protect\Features\TitleProtector.cpp(85,13):
          'std::basic_ostream<_Elem,_Traits> &std::operator <<(std::basic_ostream<_Elem,_Traits> &,const char *)': could not deduce template argument for 'std::basic_ostream<_Elem,_Traits> &' from 'std::basic_string<char,std::char_traits<char>,std::allocator<char>>'
      D:\Microsoft Visual Studio\18\Community\VC\Tools\MSVC\14.50.35717\include\__msvc_ostream.hpp(732,32):
      or       'std::basic_ostream<_Elem,_Traits> &std::operator <<(std::basic_ostream<_Elem,_Traits> &,char)'
          C:\Users\Administrator\source\repos\Protect\Protect\Features\TitleProtector.cpp(85,13):
          'std::basic_ostream<_Elem,_Traits> &std::operator <<(std::basic_ostream<_Elem,_Traits> &,char)': could not deduce template argument for 'std::basic_ostream<_Elem,_Traits> &' from 'std::basic_string<char,std::char_traits<char>,std::allocator<char>>'
      D:\Microsoft Visual Studio\18\Community\VC\Tools\MSVC\14.50.35717\include\__msvc_ostream.hpp(768,31):
      or       'std::basic_ostream<char,_Traits> &std::operator <<(std::basic_ostream<char,_Traits> &,const char *)'
          C:\Users\Administrator\source\repos\Protect\Protect\Features\TitleProtector.cpp(85,13):
          'std::basic_ostream<char,_Traits> &std::operator <<(std::basic_ostream<char,_Traits> &,const char *)': could not deduce template argument for 'std::basic_ostream<char,_Traits> &' from 'std::basic_string<char,std::char_traits<char>,std::allocator<char>>'
      D:\Microsoft Visual Studio\18\Community\VC\Tools\MSVC\14.50.35717\include\__msvc_ostream.hpp(813,31):
      or       'std::basic_ostream<char,_Traits> &std::operator <<(std::basic_ostream<char,_Traits> &,char)'
          C:\Users\Administrator\source\repos\Protect\Protect\Features\TitleProtector.cpp(85,13):
          'std::basic_ostream<char,_Traits> &std::operator <<(std::basic_ostream<char,_Traits> &,char)': could not deduce template argument for 'std::basic_ostream<char,_Traits> &' from 'std::basic_string<char,std::char_traits<char>,std::allocator<char>>'
      D:\Microsoft Visual Studio\18\Community\VC\Tools\MSVC\14.50.35717\include\__msvc_ostream.hpp(851,32):
      or       'std::basic_ostream<_Elem,_Traits> &std::operator <<(std::basic_ostream<_Elem,_Traits> &,const _Elem *)'
          C:\Users\Administrator\source\repos\Protect\Protect\Features\TitleProtector.cpp(85,13):
          'std::basic_ostream<_Elem,_Traits> &std::operator <<(std::basic_ostream<_Elem,_Traits> &,const _Elem *)': could not deduce template argument for 'std::basic_ostream<_Elem,_Traits> &' from 'std::basic_string<char,std::char_traits<char>,std::allocator<char>>'
      D:\Microsoft Visual Studio\18\Community\VC\Tools\MSVC\14.50.35717\include\__msvc_ostream.hpp(894,32):
      or       'std::basic_ostream<_Elem,_Traits> &std::operator <<(std::basic_ostream<_Elem,_Traits> &,_Elem)'
          C:\Users\Administrator\source\repos\Protect\Protect\Features\TitleProtector.cpp(85,13):
          'std::basic_ostream<_Elem,_Traits> &std::operator <<(std::basic_ostream<_Elem,_Traits> &,_Elem)': could not deduce template argument for 'std::basic_ostream<_Elem,_Traits> &' from 'std::basic_string<char,std::char_traits<char>,std::allocator<char>>'
      D:\Microsoft Visual Studio\18\Community\VC\Tools\MSVC\14.50.35717\include\__msvc_ostream.hpp(930,31):
      or       'std::basic_ostream<char,_Traits> &std::operator <<(std::basic_ostream<char,_Traits> &,const signed char *)'
          C:\Users\Administrator\source\repos\Protect\Protect\Features\TitleProtector.cpp(85,13):
          'std::basic_ostream<char,_Traits> &std::operator <<(std::basic_ostream<char,_Traits> &,const signed char *)': could not deduce template argument for 'std::basic_ostream<char,_Traits> &' from 'std::basic_string<char,std::char_traits<char>,std::allocator<char>>'
      D:\Microsoft Visual Studio\18\Community\VC\Tools\MSVC\14.50.35717\include\__msvc_ostream.hpp(936,31):
      or       'std::basic_ostream<char,_Traits> &std::operator <<(std::basic_ostream<char,_Traits> &,signed char)'
          C:\Users\Administrator\source\repos\Protect\Protect\Features\TitleProtector.cpp(85,13):
          'std::basic_ostream<char,_Traits> &std::operator <<(std::basic_ostream<char,_Traits> &,signed char)': could not deduce template argument for 'std::basic_ostream<char,_Traits> &' from 'std::basic_string<char,std::char_traits<char>,std::allocator<char>>'
      D:\Microsoft Visual Studio\18\Community\VC\Tools\MSVC\14.50.35717\include\__msvc_ostream.hpp(941,31):
      or       'std::basic_ostream<char,_Traits> &std::operator <<(std::basic_ostream<char,_Traits> &,const unsigned char *)'
          C:\Users\Administrator\source\repos\Protect\Protect\Features\TitleProtector.cpp(85,13):
          'std::basic_ostream<char,_Traits> &std::operator <<(std::basic_ostream<char,_Traits> &,const unsigned char *)': could not deduce template argument for 'std::basic_ostream<char,_Traits> &' from 'std::basic_string<char,std::char_traits<char>,std::allocator<char>>'
      D:\Microsoft Visual Studio\18\Community\VC\Tools\MSVC\14.50.35717\include\__msvc_ostream.hpp(947,31):
      or       'std::basic_ostream<char,_Traits> &std::operator <<(std::basic_ostream<char,_Traits> &,unsigned char)'
          C:\Users\Administrator\source\repos\Protect\Protect\Features\TitleProtector.cpp(85,13):
          'std::basic_ostream<char,_Traits> &std::operator <<(std::basic_ostream<char,_Traits> &,unsigned char)': could not deduce template argument for 'std::basic_ostream<char,_Traits> &' from 'std::basic_string<char,std::char_traits<char>,std::allocator<char>>'
      D:\Microsoft Visual Studio\18\Community\VC\Tools\MSVC\14.50.35717\include\__msvc_ostream.hpp(955,31):
      or       'std::basic_ostream<char,_Traits> &std::operator <<(std::basic_ostream<char,_Traits> &,const char8_t *)'
          C:\Users\Administrator\source\repos\Protect\Protect\Features\TitleProtector.cpp(85,13):
          'std::basic_ostream<char,_Traits> &std::operator <<(std::basic_ostream<char,_Traits> &,const char8_t *)': could not deduce template argument for 'std::basic_ostream<char,_Traits> &' from 'std::basic_string<char,std::char_traits<char>,std::allocator<char>>'
      D:\Microsoft Visual Studio\18\Community\VC\Tools\MSVC\14.50.35717\include\__msvc_ostream.hpp(957,34):
      or       'std::basic_ostream<wchar_t,_Traits> &std::operator <<(std::basic_ostream<wchar_t,_Traits> &,const char8_t *)'
          C:\Users\Administrator\source\repos\Protect\Protect\Features\TitleProtector.cpp(85,13):
          'std::basic_ostream<wchar_t,_Traits> &std::operator <<(std::basic_ostream<wchar_t,_Traits> &,const char8_t *)': could not deduce template argument for 'std::basic_ostream<wchar_t,_Traits> &' from 'std::basic_string<char,std::char_traits<char>,std::allocator<char>>'
      D:\Microsoft Visual Studio\18\Community\VC\Tools\MSVC\14.50.35717\include\__msvc_ostream.hpp(961,31):
      or       'std::basic_ostream<char,_Traits> &std::operator <<(std::basic_ostream<char,_Traits> &,char8_t)'
          C:\Users\Administrator\source\repos\Protect\Protect\Features\TitleProtector.cpp(85,13):
          'std::basic_ostream<char,_Traits> &std::operator <<(std::basic_ostream<char,_Traits> &,char8_t)': could not deduce template argument for 'std::basic_ostream<char,_Traits> &' from 'std::basic_string<char,std::char_traits<char>,std::allocator<char>>'
      D:\Microsoft Visual Studio\18\Community\VC\Tools\MSVC\14.50.35717\include\__msvc_ostream.hpp(963,34):
      or       'std::basic_ostream<wchar_t,_Traits> &std::operator <<(std::basic_ostream<wchar_t,_Traits> &,char8_t)'
          C:\Users\Administrator\source\repos\Protect\Protect\Features\TitleProtector.cpp(85,13):
          'std::basic_ostream<wchar_t,_Traits> &std::operator <<(std::basic_ostream<wchar_t,_Traits> &,char8_t)': could not deduce template argument for 'std::basic_ostream<wchar_t,_Traits> &' from 'std::basic_string<char,std::char_traits<char>,std::allocator<char>>'
      D:\Microsoft Visual Studio\18\Community\VC\Tools\MSVC\14.50.35717\include\__msvc_ostream.hpp(969,31):
      or       'std::basic_ostream<char,_Traits> &std::operator <<(std::basic_ostream<char,_Traits> &,wchar_t)'
          C:\Users\Administrator\source\repos\Protect\Protect\Features\TitleProtector.cpp(85,13):
          'std::basic_ostream<char,_Traits> &std::operator <<(std::basic_ostream<char,_Traits> &,wchar_t)': could not deduce template argument for 'std::basic_ostream<char,_Traits> &' from 'std::basic_string<char,std::char_traits<char>,std::allocator<char>>'
      D:\Microsoft Visual Studio\18\Community\VC\Tools\MSVC\14.50.35717\include\__msvc_ostream.hpp(972,31):
      or       'std::basic_ostream<char,_Traits> &std::operator <<(std::basic_ostream<char,_Traits> &,const wchar_t *)'
          C:\Users\Administrator\source\repos\Protect\Protect\Features\TitleProtector.cpp(85,13):
          'std::basic_ostream<char,_Traits> &std::operator <<(std::basic_ostream<char,_Traits> &,const wchar_t *)': could not deduce template argument for 'std::basic_ostream<char,_Traits> &' from 'std::basic_string<char,std::char_traits<char>,std::allocator<char>>'
      D:\Microsoft Visual Studio\18\Community\VC\Tools\MSVC\14.50.35717\include\__msvc_ostream.hpp(976,31):
      or       'std::basic_ostream<char,_Traits> &std::operator <<(std::basic_ostream<char,_Traits> &,char16_t)'
          C:\Users\Administrator\source\repos\Protect\Protect\Features\TitleProtector.cpp(85,13):
          'std::basic_ostream<char,_Traits> &std::operator <<(std::basic_ostream<char,_Traits> &,char16_t)': could not deduce template argument for 'std::basic_ostream<char,_Traits> &' from 'std::basic_string<char,std::char_traits<char>,std::allocator<char>>'
      D:\Microsoft Visual Studio\18\Community\VC\Tools\MSVC\14.50.35717\include\__msvc_ostream.hpp(978,31):
      or       'std::basic_ostream<char,_Traits> &std::operator <<(std::basic_ostream<char,_Traits> &,char32_t)'
          C:\Users\Administrator\source\repos\Protect\Protect\Features\TitleProtector.cpp(85,13):
          'std::basic_ostream<char,_Traits> &std::operator <<(std::basic_ostream<char,_Traits> &,char32_t)': could not deduce template argument for 'std::basic_ostream<char,_Traits> &' from 'std::basic_string<char,std::char_traits<char>,std::allocator<char>>'
      D:\Microsoft Visual Studio\18\Community\VC\Tools\MSVC\14.50.35717\include\__msvc_ostream.hpp(981,34):
      or       'std::basic_ostream<wchar_t,_Traits> &std::operator <<(std::basic_ostream<wchar_t,_Traits> &,char16_t)'
          C:\Users\Administrator\source\repos\Protect\Protect\Features\TitleProtector.cpp(85,13):
          'std::basic_ostream<wchar_t,_Traits> &std::operator <<(std::basic_ostream<wchar_t,_Traits> &,char16_t)': could not deduce template argument for 'std::basic_ostream<wchar_t,_Traits> &' from 'std::basic_string<char,std::char_traits<char>,std::allocator<char>>'
      D:\Microsoft Visual Studio\18\Community\VC\Tools\MSVC\14.50.35717\include\__msvc_ostream.hpp(983,34):
      or       'std::basic_ostream<wchar_t,_Traits> &std::operator <<(std::basic_ostream<wchar_t,_Traits> &,char32_t)'
          C:\Users\Administrator\source\repos\Protect\Protect\Features\TitleProtector.cpp(85,13):
          'std::basic_ostream<wchar_t,_Traits> &std::operator <<(std::basic_ostream<wchar_t,_Traits> &,char32_t)': could not deduce template argument for 'std::basic_ostream<wchar_t,_Traits> &' from 'std::basic_string<char,std::char_traits<char>,std::allocator<char>>'
      D:\Microsoft Visual Studio\18\Community\VC\Tools\MSVC\14.50.35717\include\__msvc_ostream.hpp(986,31):
      or       'std::basic_ostream<char,_Traits> &std::operator <<(std::basic_ostream<char,_Traits> &,const char16_t *)'
          C:\Users\Administrator\source\repos\Protect\Protect\Features\TitleProtector.cpp(85,13):
          'std::basic_ostream<char,_Traits> &std::operator <<(std::basic_ostream<char,_Traits> &,const char16_t *)': could not deduce template argument for 'std::basic_ostream<char,_Traits> &' from 'std::basic_string<char,std::char_traits<char>,std::allocator<char>>'
      D:\Microsoft Visual Studio\18\Community\VC\Tools\MSVC\14.50.35717\include\__msvc_ostream.hpp(988,31):
      or       'std::basic_ostream<char,_Traits> &std::operator <<(std::basic_ostream<char,_Traits> &,const char32_t *)'
          C:\Users\Administrator\source\repos\Protect\Protect\Features\TitleProtector.cpp(85,13):
          'std::basic_ostream<char,_Traits> &std::operator <<(std::basic_ostream<char,_Traits> &,const char32_t *)': could not deduce template argument for 'std::basic_ostream<char,_Traits> &' from 'std::basic_string<char,std::char_traits<char>,std::allocator<char>>'
      D:\Microsoft Visual Studio\18\Community\VC\Tools\MSVC\14.50.35717\include\__msvc_ostream.hpp(991,34):
      or       'std::basic_ostream<wchar_t,_Traits> &std::operator <<(std::basic_ostream<wchar_t,_Traits> &,const char16_t *)'
          C:\Users\Administrator\source\repos\Protect\Protect\Features\TitleProtector.cpp(85,13):
          'std::basic_ostream<wchar_t,_Traits> &std::operator <<(std::basic_ostream<wchar_t,_Traits> &,const char16_t *)': could not deduce template argument for 'std::basic_ostream<wchar_t,_Traits> &' from 'std::basic_string<char,std::char_traits<char>,std::allocator<char>>'
      D:\Microsoft Visual Studio\18\Community\VC\Tools\MSVC\14.50.35717\include\__msvc_ostream.hpp(993,34):
      or       'std::basic_ostream<wchar_t,_Traits> &std::operator <<(std::basic_ostream<wchar_t,_Traits> &,const char32_t *)'
          C:\Users\Administrator\source\repos\Protect\Protect\Features\TitleProtector.cpp(85,13):
          'std::basic_ostream<wchar_t,_Traits> &std::operator <<(std::basic_ostream<wchar_t,_Traits> &,const char32_t *)': could not deduce template argument for 'std::basic_ostream<wchar_t,_Traits> &' from 'std::basic_string<char,std::char_traits<char>,std::allocator<char>>'
      D:\Microsoft Visual Studio\18\Community\VC\Tools\MSVC\14.50.35717\include\__msvc_ostream.hpp(1005,9):
      or       '_Ostr &&std::operator <<(_Ostr &&,const _Ty &)'
          C:\Users\Administrator\source\repos\Protect\Protect\Features\TitleProtector.cpp(85,13):
          '_Ostr &&std::operator <<(_Ostr &&,const _Ty &)': could not deduce template argument for '__formal'
              D:\Microsoft Visual Studio\18\Community\VC\Tools\MSVC\14.50.35717\include\__msvc_ostream.hpp(1004,5):
              'std::enable_if_t<false,int>' : Failed to specialize alias template
      D:\Microsoft Visual Studio\18\Community\VC\Tools\MSVC\14.50.35717\include\__msvc_ostream.hpp(1031,32):
      or       'std::basic_ostream<_Elem,_Traits> &std::operator <<(std::basic_ostream<_Elem,_Traits> &,const std::error_code &)'
          C:\Users\Administrator\source\repos\Protect\Protect\Features\TitleProtector.cpp(85,13):
          'std::basic_ostream<_Elem,_Traits> &std::operator <<(std::basic_ostream<_Elem,_Traits> &,const std::error_code &)': could not deduce template argument for 'std::basic_ostream<_Elem,_Traits> &' from 'std::basic_string<char,std::char_traits<char>,std::allocator<char>>'
  
C:\Users\Administrator\source\repos\Protect\Protect\Features\TitleProtector.cpp(95,21): error C2143: syntax error: missing ';' before 'std::to_string'
C:\Users\Administrator\source\repos\Protect\Protect\Features\TitleProtector.cpp(95,21): error C2676: binary '<<': 'std::string' does not define this operator or a conversion to a type acceptable to the predefined operator
      D:\Microsoft Visual Studio\18\Community\VC\Tools\MSVC\14.50.35717\include\cstddef(37,27):
      could be 'std::byte std::operator <<(const std::byte,const _IntType) noexcept'
          C:\Users\Administrator\source\repos\Protect\Protect\Features\TitleProtector.cpp(95,21):
          'std::byte std::operator <<(const std::byte,const _IntType) noexcept': could not deduce template argument for '__formal'
              D:\Microsoft Visual Studio\18\Community\VC\Tools\MSVC\14.50.35717\include\cstddef(36,39):
              'std::enable_if_t<false,int>' : Failed to specialize alias template
      D:\Microsoft Visual Studio\18\Community\VC\Tools\MSVC\14.50.35717\include\memory(2015,32):
      or       'std::basic_ostream<_Elem,_Traits> &std::operator <<(std::basic_ostream<_Elem,_Traits> &,const std::shared_ptr<_Ty> &)'
          C:\Users\Administrator\source\repos\Protect\Protect\Features\TitleProtector.cpp(95,21):
          'std::basic_ostream<_Elem,_Traits> &std::operator <<(std::basic_ostream<_Elem,_Traits> &,const std::shared_ptr<_Ty> &)': could not deduce template argument for 'std::basic_ostream<_Elem,_Traits> &' from 'std::string'
      D:\Microsoft Visual Studio\18\Community\VC\Tools\MSVC\14.50.35717\include\memory(3821,32):
      or       'std::basic_ostream<_Elem,_Traits> &std::operator <<(std::basic_ostream<_Elem,_Traits> &,const std::unique_ptr<_Ty2,_Dx2> &)'
          C:\Users\Administrator\source\repos\Protect\Protect\Features\TitleProtector.cpp(95,21):
          'std::basic_ostream<_Elem,_Traits> &std::operator <<(std::basic_ostream<_Elem,_Traits> &,const std::unique_ptr<_Ty2,_Dx2> &)': could not deduce template argument for 'std::basic_ostream<_Elem,_Traits> &' from 'std::string'
      D:\Microsoft Visual Studio\18\Community\VC\Tools\MSVC\14.50.35717\include\thread(251,37):
      or       'std::basic_ostream<_Elem,_Traits> &std::operator <<(std::basic_ostream<_Elem,_Traits> &,std::thread::id)'
          C:\Users\Administrator\source\repos\Protect\Protect\Features\TitleProtector.cpp(95,21):
          'std::basic_ostream<_Elem,_Traits> &std::operator <<(std::basic_ostream<_Elem,_Traits> &,std::thread::id)': could not deduce template argument for 'std::basic_ostream<_Elem,_Traits> &' from 'std::string'
      D:\Microsoft Visual Studio\18\Community\VC\Tools\MSVC\14.50.35717\include\__msvc_string_view.hpp(2097,32):
      or       'std::basic_ostream<_Elem,_Traits> &std::operator <<(std::basic_ostream<_Elem,_Traits> &,const std::basic_string_view<_Elem,_Traits>)'
          C:\Users\Administrator\source\repos\Protect\Protect\Features\TitleProtector.cpp(95,21):
          'std::basic_ostream<_Elem,_Traits> &std::operator <<(std::basic_ostream<_Elem,_Traits> &,const std::basic_string_view<_Elem,_Traits>)': could not deduce template argument for 'std::basic_ostream<_Elem,_Traits> &' from 'std::string'
      D:\Microsoft Visual Studio\18\Community\VC\Tools\MSVC\14.50.35717\include\xstring(3532,32):
      or       'std::basic_ostream<_Elem,_Traits> &std::operator <<(std::basic_ostream<_Elem,_Traits> &,const std::basic_string<_Elem,_Traits,_Alloc> &)'
          C:\Users\Administrator\source\repos\Protect\Protect\Features\TitleProtector.cpp(95,21):
          'std::basic_ostream<_Elem,_Traits> &std::operator <<(std::basic_ostream<_Elem,_Traits> &,const std::basic_string<_Elem,_Traits,_Alloc> &)': could not deduce template argument for 'std::basic_ostream<_Elem,_Traits> &' from 'std::string'
      D:\Microsoft Visual Studio\18\Community\VC\Tools\MSVC\14.50.35717\include\__msvc_ostream.hpp(688,32):
      or       'std::basic_ostream<_Elem,_Traits> &std::operator <<(std::basic_ostream<_Elem,_Traits> &,const char *)'
          C:\Users\Administrator\source\repos\Protect\Protect\Features\TitleProtector.cpp(95,21):
          'std::basic_ostream<_Elem,_Traits> &std::operator <<(std::basic_ostream<_Elem,_Traits> &,const char *)': could not deduce template argument for 'std::basic_ostream<_Elem,_Traits> &' from 'std::string'
      D:\Microsoft Visual Studio\18\Community\VC\Tools\MSVC\14.50.35717\include\__msvc_ostream.hpp(732,32):
      or       'std::basic_ostream<_Elem,_Traits> &std::operator <<(std::basic_ostream<_Elem,_Traits> &,char)'
          C:\Users\Administrator\source\repos\Protect\Protect\Features\TitleProtector.cpp(95,21):
          'std::basic_ostream<_Elem,_Traits> &std::operator <<(std::basic_ostream<_Elem,_Traits> &,char)': could not deduce template argument for 'std::basic_ostream<_Elem,_Traits> &' from 'std::string'
      D:\Microsoft Visual Studio\18\Community\VC\Tools\MSVC\14.50.35717\include\__msvc_ostream.hpp(768,31):
      or       'std::basic_ostream<char,_Traits> &std::operator <<(std::basic_ostream<char,_Traits> &,const char *)'
          C:\Users\Administrator\source\repos\Protect\Protect\Features\TitleProtector.cpp(95,21):
          'std::basic_ostream<char,_Traits> &std::operator <<(std::basic_ostream<char,_Traits> &,const char *)': could not deduce template argument for 'std::basic_ostream<char,_Traits> &' from 'std::string'
      D:\Microsoft Visual Studio\18\Community\VC\Tools\MSVC\14.50.35717\include\__msvc_ostream.hpp(813,31):
      or       'std::basic_ostream<char,_Traits> &std::operator <<(std::basic_ostream<char,_Traits> &,char)'
          C:\Users\Administrator\source\repos\Protect\Protect\Features\TitleProtector.cpp(95,21):
          'std::basic_ostream<char,_Traits> &std::operator <<(std::basic_ostream<char,_Traits> &,char)': could not deduce template argument for 'std::basic_ostream<char,_Traits> &' from 'std::string'
      D:\Microsoft Visual Studio\18\Community\VC\Tools\MSVC\14.50.35717\include\__msvc_ostream.hpp(851,32):
      or       'std::basic_ostream<_Elem,_Traits> &std::operator <<(std::basic_ostream<_Elem,_Traits> &,const _Elem *)'
          C:\Users\Administrator\source\repos\Protect\Protect\Features\TitleProtector.cpp(95,21):
          'std::basic_ostream<_Elem,_Traits> &std::operator <<(std::basic_ostream<_Elem,_Traits> &,const _Elem *)': could not deduce template argument for 'std::basic_ostream<_Elem,_Traits> &' from 'std::string'
      D:\Microsoft Visual Studio\18\Community\VC\Tools\MSVC\14.50.35717\include\__msvc_ostream.hpp(894,32):
      or       'std::basic_ostream<_Elem,_Traits> &std::operator <<(std::basic_ostream<_Elem,_Traits> &,_Elem)'
          C:\Users\Administrator\source\repos\Protect\Protect\Features\TitleProtector.cpp(95,21):
          'std::basic_ostream<_Elem,_Traits> &std::operator <<(std::basic_ostream<_Elem,_Traits> &,_Elem)': could not deduce template argument for 'std::basic_ostream<_Elem,_Traits> &' from 'std::string'
      D:\Microsoft Visual Studio\18\Community\VC\Tools\MSVC\14.50.35717\include\__msvc_ostream.hpp(930,31):
      or       'std::basic_ostream<char,_Traits> &std::operator <<(std::basic_ostream<char,_Traits> &,const signed char *)'
          C:\Users\Administrator\source\repos\Protect\Protect\Features\TitleProtector.cpp(95,21):
          'std::basic_ostream<char,_Traits> &std::operator <<(std::basic_ostream<char,_Traits> &,const signed char *)': could not deduce template argument for 'std::basic_ostream<char,_Traits> &' from 'std::string'
      D:\Microsoft Visual Studio\18\Community\VC\Tools\MSVC\14.50.35717\include\__msvc_ostream.hpp(936,31):
      or       'std::basic_ostream<char,_Traits> &std::operator <<(std::basic_ostream<char,_Traits> &,signed char)'
          C:\Users\Administrator\source\repos\Protect\Protect\Features\TitleProtector.cpp(95,21):
          'std::basic_ostream<char,_Traits> &std::operator <<(std::basic_ostream<char,_Traits> &,signed char)': could not deduce template argument for 'std::basic_ostream<char,_Traits> &' from 'std::string'
      D:\Microsoft Visual Studio\18\Community\VC\Tools\MSVC\14.50.35717\include\__msvc_ostream.hpp(941,31):
      or       'std::basic_ostream<char,_Traits> &std::operator <<(std::basic_ostream<char,_Traits> &,const unsigned char *)'
          C:\Users\Administrator\source\repos\Protect\Protect\Features\TitleProtector.cpp(95,21):
          'std::basic_ostream<char,_Traits> &std::operator <<(std::basic_ostream<char,_Traits> &,const unsigned char *)': could not deduce template argument for 'std::basic_ostream<char,_Traits> &' from 'std::string'
      D:\Microsoft Visual Studio\18\Community\VC\Tools\MSVC\14.50.35717\include\__msvc_ostream.hpp(947,31):
      or       'std::basic_ostream<char,_Traits> &std::operator <<(std::basic_ostream<char,_Traits> &,unsigned char)'
          C:\Users\Administrator\source\repos\Protect\Protect\Features\TitleProtector.cpp(95,21):
          'std::basic_ostream<char,_Traits> &std::operator <<(std::basic_ostream<char,_Traits> &,unsigned char)': could not deduce template argument for 'std::basic_ostream<char,_Traits> &' from 'std::string'
      D:\Microsoft Visual Studio\18\Community\VC\Tools\MSVC\14.50.35717\include\__msvc_ostream.hpp(955,31):
      or       'std::basic_ostream<char,_Traits> &std::operator <<(std::basic_ostream<char,_Traits> &,const char8_t *)'
          C:\Users\Administrator\source\repos\Protect\Protect\Features\TitleProtector.cpp(95,21):
          'std::basic_ostream<char,_Traits> &std::operator <<(std::basic_ostream<char,_Traits> &,const char8_t *)': could not deduce template argument for 'std::basic_ostream<char,_Traits> &' from 'std::string'
      D:\Microsoft Visual Studio\18\Community\VC\Tools\MSVC\14.50.35717\include\__msvc_ostream.hpp(957,34):
      or       'std::basic_ostream<wchar_t,_Traits> &std::operator <<(std::basic_ostream<wchar_t,_Traits> &,const char8_t *)'
          C:\Users\Administrator\source\repos\Protect\Protect\Features\TitleProtector.cpp(95,21):
          'std::basic_ostream<wchar_t,_Traits> &std::operator <<(std::basic_ostream<wchar_t,_Traits> &,const char8_t *)': could not deduce template argument for 'std::basic_ostream<wchar_t,_Traits> &' from 'std::string'
      D:\Microsoft Visual Studio\18\Community\VC\Tools\MSVC\14.50.35717\include\__msvc_ostream.hpp(961,31):
      or       'std::basic_ostream<char,_Traits> &std::operator <<(std::basic_ostream<char,_Traits> &,char8_t)'
          C:\Users\Administrator\source\repos\Protect\Protect\Features\TitleProtector.cpp(95,21):
          'std::basic_ostream<char,_Traits> &std::operator <<(std::basic_ostream<char,_Traits> &,char8_t)': could not deduce template argument for 'std::basic_ostream<char,_Traits> &' from 'std::string'
      D:\Microsoft Visual Studio\18\Community\VC\Tools\MSVC\14.50.35717\include\__msvc_ostream.hpp(963,34):
      or       'std::basic_ostream<wchar_t,_Traits> &std::operator <<(std::basic_ostream<wchar_t,_Traits> &,char8_t)'
          C:\Users\Administrator\source\repos\Protect\Protect\Features\TitleProtector.cpp(95,21):
          'std::basic_ostream<wchar_t,_Traits> &std::operator <<(std::basic_ostream<wchar_t,_Traits> &,char8_t)': could not deduce template argument for 'std::basic_ostream<wchar_t,_Traits> &' from 'std::string'
      D:\Microsoft Visual Studio\18\Community\VC\Tools\MSVC\14.50.35717\include\__msvc_ostream.hpp(969,31):
      or       'std::basic_ostream<char,_Traits> &std::operator <<(std::basic_ostream<char,_Traits> &,wchar_t)'
          C:\Users\Administrator\source\repos\Protect\Protect\Features\TitleProtector.cpp(95,21):
          'std::basic_ostream<char,_Traits> &std::operator <<(std::basic_ostream<char,_Traits> &,wchar_t)': could not deduce template argument for 'std::basic_ostream<char,_Traits> &' from 'std::string'
      D:\Microsoft Visual Studio\18\Community\VC\Tools\MSVC\14.50.35717\include\__msvc_ostream.hpp(972,31):
      or       'std::basic_ostream<char,_Traits> &std::operator <<(std::basic_ostream<char,_Traits> &,const wchar_t *)'
          C:\Users\Administrator\source\repos\Protect\Protect\Features\TitleProtector.cpp(95,21):
          'std::basic_ostream<char,_Traits> &std::operator <<(std::basic_ostream<char,_Traits> &,const wchar_t *)': could not deduce template argument for 'std::basic_ostream<char,_Traits> &' from 'std::string'
      D:\Microsoft Visual Studio\18\Community\VC\Tools\MSVC\14.50.35717\include\__msvc_ostream.hpp(976,31):
      or       'std::basic_ostream<char,_Traits> &std::operator <<(std::basic_ostream<char,_Traits> &,char16_t)'
          C:\Users\Administrator\source\repos\Protect\Protect\Features\TitleProtector.cpp(95,21):
          'std::basic_ostream<char,_Traits> &std::operator <<(std::basic_ostream<char,_Traits> &,char16_t)': could not deduce template argument for 'std::basic_ostream<char,_Traits> &' from 'std::string'
      D:\Microsoft Visual Studio\18\Community\VC\Tools\MSVC\14.50.35717\include\__msvc_ostream.hpp(978,31):
      or       'std::basic_ostream<char,_Traits> &std::operator <<(std::basic_ostream<char,_Traits> &,char32_t)'
          C:\Users\Administrator\source\repos\Protect\Protect\Features\TitleProtector.cpp(95,21):
          'std::basic_ostream<char,_Traits> &std::operator <<(std::basic_ostream<char,_Traits> &,char32_t)': could not deduce template argument for 'std::basic_ostream<char,_Traits> &' from 'std::string'
      D:\Microsoft Visual Studio\18\Community\VC\Tools\MSVC\14.50.35717\include\__msvc_ostream.hpp(981,34):
      or       'std::basic_ostream<wchar_t,_Traits> &std::operator <<(std::basic_ostream<wchar_t,_Traits> &,char16_t)'
          C:\Users\Administrator\source\repos\Protect\Protect\Features\TitleProtector.cpp(95,21):
          'std::basic_ostream<wchar_t,_Traits> &std::operator <<(std::basic_ostream<wchar_t,_Traits> &,char16_t)': could not deduce template argument for 'std::basic_ostream<wchar_t,_Traits> &' from 'std::string'
      D:\Microsoft Visual Studio\18\Community\VC\Tools\MSVC\14.50.35717\include\__msvc_ostream.hpp(983,34):
      or       'std::basic_ostream<wchar_t,_Traits> &std::operator <<(std::basic_ostream<wchar_t,_Traits> &,char32_t)'
          C:\Users\Administrator\source\repos\Protect\Protect\Features\TitleProtector.cpp(95,21):
          'std::basic_ostream<wchar_t,_Traits> &std::operator <<(std::basic_ostream<wchar_t,_Traits> &,char32_t)': could not deduce template argument for 'std::basic_ostream<wchar_t,_Traits> &' from 'std::string'
      D:\Microsoft Visual Studio\18\Community\VC\Tools\MSVC\14.50.35717\include\__msvc_ostream.hpp(986,31):
      or       'std::basic_ostream<char,_Traits> &std::operator <<(std::basic_ostream<char,_Traits> &,const char16_t *)'
          C:\Users\Administrator\source\repos\Protect\Protect\Features\TitleProtector.cpp(95,21):
          'std::basic_ostream<char,_Traits> &std::operator <<(std::basic_ostream<char,_Traits> &,const char16_t *)': could not deduce template argument for 'std::basic_ostream<char,_Traits> &' from 'std::string'
      D:\Microsoft Visual Studio\18\Community\VC\Tools\MSVC\14.50.35717\include\__msvc_ostream.hpp(988,31):
      or       'std::basic_ostream<char,_Traits> &std::operator <<(std::basic_ostream<char,_Traits> &,const char32_t *)'
          C:\Users\Administrator\source\repos\Protect\Protect\Features\TitleProtector.cpp(95,21):
          'std::basic_ostream<char,_Traits> &std::operator <<(std::basic_ostream<char,_Traits> &,const char32_t *)': could not deduce template argument for 'std::basic_ostream<char,_Traits> &' from 'std::string'
      D:\Microsoft Visual Studio\18\Community\VC\Tools\MSVC\14.50.35717\include\__msvc_ostream.hpp(991,34):
      or       'std::basic_ostream<wchar_t,_Traits> &std::operator <<(std::basic_ostream<wchar_t,_Traits> &,const char16_t *)'
          C:\Users\Administrator\source\repos\Protect\Protect\Features\TitleProtector.cpp(95,21):
          'std::basic_ostream<wchar_t,_Traits> &std::operator <<(std::basic_ostream<wchar_t,_Traits> &,const char16_t *)': could not deduce template argument for 'std::basic_ostream<wchar_t,_Traits> &' from 'std::string'
      D:\Microsoft Visual Studio\18\Community\VC\Tools\MSVC\14.50.35717\include\__msvc_ostream.hpp(993,34):
      or       'std::basic_ostream<wchar_t,_Traits> &std::operator <<(std::basic_ostream<wchar_t,_Traits> &,const char32_t *)'
          C:\Users\Administrator\source\repos\Protect\Protect\Features\TitleProtector.cpp(95,21):
          'std::basic_ostream<wchar_t,_Traits> &std::operator <<(std::basic_ostream<wchar_t,_Traits> &,const char32_t *)': could not deduce template argument for 'std::basic_ostream<wchar_t,_Traits> &' from 'std::string'
      D:\Microsoft Visual Studio\18\Community\VC\Tools\MSVC\14.50.35717\include\__msvc_ostream.hpp(1005,9):
      or       '_Ostr &&std::operator <<(_Ostr &&,const _Ty &)'
          C:\Users\Administrator\source\repos\Protect\Protect\Features\TitleProtector.cpp(95,21):
          '_Ostr &&std::operator <<(_Ostr &&,const _Ty &)': could not deduce template argument for '__formal'
              D:\Microsoft Visual Studio\18\Community\VC\Tools\MSVC\14.50.35717\include\__msvc_ostream.hpp(1004,5):
              'std::enable_if_t<false,int>' : Failed to specialize alias template
      D:\Microsoft Visual Studio\18\Community\VC\Tools\MSVC\14.50.35717\include\__msvc_ostream.hpp(1031,32):
      or       'std::basic_ostream<_Elem,_Traits> &std::operator <<(std::basic_ostream<_Elem,_Traits> &,const std::error_code &)'
          C:\Users\Administrator\source\repos\Protect\Protect\Features\TitleProtector.cpp(95,21):
          'std::basic_ostream<_Elem,_Traits> &std::operator <<(std::basic_ostream<_Elem,_Traits> &,const std::error_code &)': could not deduce template argument for 'std::basic_ostream<_Elem,_Traits> &' from 'std::string'
  
